c:\users\chrom\source\repos\randygilesweek12\randygilesweek12\randygilesweek12\x64\debug\vc143.pdb
c:\users\chrom\source\repos\randygilesweek12\randygilesweek12\randygilesweek12\x64\debug\vc143.idb
c:\users\chrom\source\repos\randygilesweek12\randygilesweek12\randygilesweek12\x64\debug\mainmenustate.obj
c:\users\chrom\source\repos\randygilesweek12\randygilesweek12\randygilesweek12\x64\debug\player.obj
c:\users\chrom\source\repos\randygilesweek12\randygilesweek12\randygilesweek12\x64\debug\placeableactor.obj
c:\users\chrom\source\repos\randygilesweek12\randygilesweek12\randygilesweek12\x64\debug\money.obj
c:\users\chrom\source\repos\randygilesweek12\randygilesweek12\randygilesweek12\x64\debug\level.obj
c:\users\chrom\source\repos\randygilesweek12\randygilesweek12\randygilesweek12\x64\debug\key.obj
c:\users\chrom\source\repos\randygilesweek12\randygilesweek12\randygilesweek12\x64\debug\goal.obj
c:\users\chrom\source\repos\randygilesweek12\randygilesweek12\randygilesweek12\x64\debug\enemy.obj
c:\users\chrom\source\repos\randygilesweek12\randygilesweek12\randygilesweek12\x64\debug\door.obj
c:\users\chrom\source\repos\randygilesweek12\randygilesweek12\randygilesweek12\x64\debug\audiomanager.obj
c:\users\chrom\source\repos\randygilesweek12\randygilesweek12\randygilesweek12\x64\debug\arrays.obj
c:\users\chrom\source\repos\randygilesweek12\randygilesweek12\randygilesweek12\x64\debug\statemachineexamplegame.obj
c:\users\chrom\source\repos\randygilesweek12\randygilesweek12\randygilesweek12\x64\debug\gameplaystate.obj
c:\users\chrom\source\repos\randygilesweek12\randygilesweek12\randygilesweek12\x64\debug\game1.obj
c:\users\chrom\source\repos\randygilesweek12\randygilesweek12\randygilesweek12\x64\debug\highscorestate.obj
c:\users\chrom\source\repos\randygilesweek12\randygilesweek12\randygilesweek12\x64\debug\settingsstate.obj
c:\users\chrom\source\repos\randygilesweek12\randygilesweek12\x64\debug\randygilesweek12.exe
c:\users\chrom\source\repos\randygilesweek12\randygilesweek12\randygilesweek12\x64\debug\randygilesweek12.ilk
c:\users\chrom\source\repos\randygilesweek12\randygilesweek12\x64\debug\randygilesweek12.pdb
c:\users\chrom\source\repos\randygilesweek12\randygilesweek12\randygilesweek12\x64\debug\randygilesweek12.tlog\cl.command.1.tlog
c:\users\chrom\source\repos\randygilesweek12\randygilesweek12\randygilesweek12\x64\debug\randygilesweek12.tlog\cl.items.tlog
c:\users\chrom\source\repos\randygilesweek12\randygilesweek12\randygilesweek12\x64\debug\randygilesweek12.tlog\cl.read.1.tlog
c:\users\chrom\source\repos\randygilesweek12\randygilesweek12\randygilesweek12\x64\debug\randygilesweek12.tlog\cl.write.1.tlog
c:\users\chrom\source\repos\randygilesweek12\randygilesweek12\randygilesweek12\x64\debug\randygilesweek12.tlog\link.command.1.tlog
c:\users\chrom\source\repos\randygilesweek12\randygilesweek12\randygilesweek12\x64\debug\randygilesweek12.tlog\link.read.1.tlog
c:\users\chrom\source\repos\randygilesweek12\randygilesweek12\randygilesweek12\x64\debug\randygilesweek12.tlog\link.write.1.tlog
